<?xml version="1.0" encoding="UTF-8"?>
<!-- Generated by org.testng.reporters.JUnitXMLReporter -->
<testsuite hostname="Piyush" ignored="0" name="ProviderTest" tests="3" failures="0" timestamp="07 Nov 2022 04:37:14 GMT" time="14.352" errors="0">
  <testcase name="@BeforeMethod openBrowser" time="12.954" classname="core.Page">
    <failure type="org.openqa.selenium.SessionNotCreatedException" message="session not created: This version of ChromeDriver only supports Chrome version 105
Current browser version is 107.0.5304.88 with binary path C:\Program Files (x86)\Google\Chrome\Application\chrome.exe
Build info: version: &amp;apos;3.141.59&amp;apos;, revision: &amp;apos;e82be7d358&amp;apos;, time: &amp;apos;2018-11-14T08:17:03&amp;apos;
System info: host: &amp;apos;PIYUSH&amp;apos;, ip: &amp;apos;192.168.1.11&amp;apos;, os.name: &amp;apos;Windows 8.1&amp;apos;, os.arch: &amp;apos;amd64&amp;apos;, os.version: &amp;apos;6.3&amp;apos;, java.version: &amp;apos;1.8.0_251&amp;apos;
Driver info: driver.version: ChromeDriver
remote stacktrace: Backtrace:
	Ordinal0 [0x00DEDF13+2219795]
	Ordinal0 [0x00D82841+1779777]
	Ordinal0 [0x00C9423D+803389]
	Ordinal0 [0x00CB64AC+943276]
	Ordinal0 [0x00CB19F0+924144]
	Ordinal0 [0x00CAF179+913785]
	Ordinal0 [0x00CE36B9+1128121]
	Ordinal0 [0x00CE331A+1127194]
	Ordinal0 [0x00CDE616+1107478]
	Ordinal0 [0x00CB7F89+950153]
	Ordinal0 [0x00CB8F56+954198]
	GetHandleVerifier [0x010E2CB2+3040210]
	GetHandleVerifier [0x010D2BB4+2974420]
	GetHandleVerifier [0x00E86A0A+565546]
	GetHandleVerifier [0x00E85680+560544]
	Ordinal0 [0x00D89A5C+1808988]
	Ordinal0 [0x00D8E3A8+1827752]
	Ordinal0 [0x00D8E495+1827989]
	Ordinal0 [0x00D980A4+1867940]
	BaseThreadInitThunk [0x76CE6A14+36]
	RtlInitializeExceptionChain [0x772BA9FF+143]
	RtlInitializeExceptionChain [0x772BA9CA+90]
">
      <![CDATA[org.openqa.selenium.SessionNotCreatedException: session not created: This version of ChromeDriver only supports Chrome version 105
Current browser version is 107.0.5304.88 with binary path C:\Program Files (x86)\Google\Chrome\Application\chrome.exe
Build info: version: '3.141.59', revision: 'e82be7d358', time: '2018-11-14T08:17:03'
System info: host: 'PIYUSH', ip: '192.168.1.11', os.name: 'Windows 8.1', os.arch: 'amd64', os.version: '6.3', java.version: '1.8.0_251'
Driver info: driver.version: ChromeDriver
remote stacktrace: Backtrace:
	Ordinal0 [0x00DEDF13+2219795]
	Ordinal0 [0x00D82841+1779777]
	Ordinal0 [0x00C9423D+803389]
	Ordinal0 [0x00CB64AC+943276]
	Ordinal0 [0x00CB19F0+924144]
	Ordinal0 [0x00CAF179+913785]
	Ordinal0 [0x00CE36B9+1128121]
	Ordinal0 [0x00CE331A+1127194]
	Ordinal0 [0x00CDE616+1107478]
	Ordinal0 [0x00CB7F89+950153]
	Ordinal0 [0x00CB8F56+954198]
	GetHandleVerifier [0x010E2CB2+3040210]
	GetHandleVerifier [0x010D2BB4+2974420]
	GetHandleVerifier [0x00E86A0A+565546]
	GetHandleVerifier [0x00E85680+560544]
	Ordinal0 [0x00D89A5C+1808988]
	Ordinal0 [0x00D8E3A8+1827752]
	Ordinal0 [0x00D8E495+1827989]
	Ordinal0 [0x00D980A4+1867940]
	BaseThreadInitThunk [0x76CE6A14+36]
	RtlInitializeExceptionChain [0x772BA9FF+143]
	RtlInitializeExceptionChain [0x772BA9CA+90]

	at org.openqa.selenium.remote.W3CHandshakeResponse.lambda$errorHandler$0(W3CHandshakeResponse.java:62)
	at org.openqa.selenium.remote.HandshakeResponse.lambda$getResponseFunction$0(HandshakeResponse.java:30)
	at org.openqa.selenium.remote.ProtocolHandshake.lambda$createSession$0(ProtocolHandshake.java:126)
	at java.util.stream.ReferencePipeline$3$1.accept(Unknown Source)
	at java.util.Spliterators$ArraySpliterator.tryAdvance(Unknown Source)
	at java.util.stream.ReferencePipeline.forEachWithCancel(Unknown Source)
	at java.util.stream.AbstractPipeline.copyIntoWithCancel(Unknown Source)
	at java.util.stream.AbstractPipeline.copyInto(Unknown Source)
	at java.util.stream.AbstractPipeline.wrapAndCopyInto(Unknown Source)
	at java.util.stream.FindOps$FindOp.evaluateSequential(Unknown Source)
	at java.util.stream.AbstractPipeline.evaluate(Unknown Source)
	at java.util.stream.ReferencePipeline.findFirst(Unknown Source)
	at org.openqa.selenium.remote.ProtocolHandshake.createSession(ProtocolHandshake.java:128)
	at org.openqa.selenium.remote.ProtocolHandshake.createSession(ProtocolHandshake.java:74)
	at org.openqa.selenium.remote.HttpCommandExecutor.execute(HttpCommandExecutor.java:136)
	at org.openqa.selenium.remote.service.DriverCommandExecutor.execute(DriverCommandExecutor.java:83)
	at org.openqa.selenium.remote.RemoteWebDriver.execute(RemoteWebDriver.java:552)
	at org.openqa.selenium.remote.RemoteWebDriver.startSession(RemoteWebDriver.java:213)
	at org.openqa.selenium.remote.RemoteWebDriver.<init>(RemoteWebDriver.java:131)
	at org.openqa.selenium.chrome.ChromeDriver.<init>(ChromeDriver.java:181)
	at org.openqa.selenium.chrome.ChromeDriver.<init>(ChromeDriver.java:168)
	at org.openqa.selenium.chrome.ChromeDriver.<init>(ChromeDriver.java:123)
	at core.Page.openBrowser(Page.java:64)
... Removed 31 stack frames]]>
    </failure>
  </testcase> <!-- @BeforeMethod openBrowser -->
  <testcase name="@BeforeMethod openBrowser" time="0.0" classname="core.Page">
    <skipped/>
  </testcase> <!-- @BeforeMethod openBrowser -->
  <testcase name="@BeforeMethod openBrowser" time="0.0" classname="core.Page">
    <skipped/>
  </testcase> <!-- @BeforeMethod openBrowser -->
  <testcase name="@AfterTest endReport" time="0.0" classname="core.Page">
    <skipped/>
  </testcase> <!-- @AfterTest endReport -->
  <testcase name="providerlogin" time="0.0" classname="testcases.ProviderLoginTest">
    <skipped/>
  </testcase> <!-- providerlogin -->
  <testcase name="providerlogin" time="0.0" classname="testcases.ProviderLoginTest">
    <skipped/>
  </testcase> <!-- providerlogin -->
  <testcase name="providerlogin" time="0.0" classname="testcases.ProviderLoginTest">
    <skipped/>
  </testcase> <!-- providerlogin -->
</testsuite> <!-- ProviderTest -->
