<?xml version="1.0" encoding="UTF-8"?>
<testng-results skipped="6" failed="0" ignored="0" total="6" passed="0">
  <reporter-output>
  </reporter-output>
  <suite name="Suite" duration-ms="16198" started-at="2022-11-07T04:37:00Z" finished-at="2022-11-07T04:37:16Z">
    <groups>
    </groups>
    <test name="ProviderTest" duration-ms="14352" started-at="2022-11-07T04:37:00Z" finished-at="2022-11-07T04:37:14Z">
      <class name="testcases.ProviderLoginTest">
        <test-method status="PASS" signature="createReport(java.lang.String, java.lang.String)[pri:0, instance:testcases.ProviderLoginTest@57baeedf]" name="createReport" is-config="true" duration-ms="473" started-at="2022-11-07T10:07:00Z" finished-at="2022-11-07T10:07:00Z">
          <params>
            <param index="0">
              <value>
                <![CDATA[ProviderLog]]>
              </value>
            </param>
            <param index="1">
              <value>
                <![CDATA[true]]>
              </value>
            </param>
          </params>
          <reporter-output>
          </reporter-output>
        </test-method> <!-- createReport -->
        <test-method status="PASS" signature="getexternalxpath(java.lang.String)[pri:0, instance:testcases.ProviderLoginTest@57baeedf]" name="getexternalxpath" is-config="true" duration-ms="33" started-at="2022-11-07T10:07:00Z" finished-at="2022-11-07T10:07:00Z">
          <params>
            <param index="0">
              <value>
                <![CDATA[providerxpath.properties]]>
              </value>
            </param>
          </params>
          <reporter-output>
          </reporter-output>
        </test-method> <!-- getexternalxpath -->
        <test-method status="FAIL" signature="openBrowser(java.lang.String, java.lang.String, java.lang.String)[pri:0, instance:testcases.ProviderLoginTest@57baeedf]" name="openBrowser" is-config="true" duration-ms="12954" started-at="2022-11-07T10:07:01Z" finished-at="2022-11-07T10:07:14Z">
          <params>
            <param index="0">
              <value>
                <![CDATA[chrome]]>
              </value>
            </param>
            <param index="1">
              <value>
                <![CDATA[http://www.nethorizonconsultancy.com/provider.aspx]]>
              </value>
            </param>
            <param index="2">
              <value>
                <![CDATA[Provider]]>
              </value>
            </param>
          </params>
          <exception class="org.openqa.selenium.SessionNotCreatedException">
            <message>
              <![CDATA[session not created: This version of ChromeDriver only supports Chrome version 105
Current browser version is 107.0.5304.88 with binary path C:\Program Files (x86)\Google\Chrome\Application\chrome.exe
Build info: version: '3.141.59', revision: 'e82be7d358', time: '2018-11-14T08:17:03'
System info: host: 'PIYUSH', ip: '192.168.1.11', os.name: 'Windows 8.1', os.arch: 'amd64', os.version: '6.3', java.version: '1.8.0_251'
Driver info: driver.version: ChromeDriver
remote stacktrace: Backtrace:
	Ordinal0 [0x00DEDF13+2219795]
	Ordinal0 [0x00D82841+1779777]
	Ordinal0 [0x00C9423D+803389]
	Ordinal0 [0x00CB64AC+943276]
	Ordinal0 [0x00CB19F0+924144]
	Ordinal0 [0x00CAF179+913785]
	Ordinal0 [0x00CE36B9+1128121]
	Ordinal0 [0x00CE331A+1127194]
	Ordinal0 [0x00CDE616+1107478]
	Ordinal0 [0x00CB7F89+950153]
	Ordinal0 [0x00CB8F56+954198]
	GetHandleVerifier [0x010E2CB2+3040210]
	GetHandleVerifier [0x010D2BB4+2974420]
	GetHandleVerifier [0x00E86A0A+565546]
	GetHandleVerifier [0x00E85680+560544]
	Ordinal0 [0x00D89A5C+1808988]
	Ordinal0 [0x00D8E3A8+1827752]
	Ordinal0 [0x00D8E495+1827989]
	Ordinal0 [0x00D980A4+1867940]
	BaseThreadInitThunk [0x76CE6A14+36]
	RtlInitializeExceptionChain [0x772BA9FF+143]
	RtlInitializeExceptionChain [0x772BA9CA+90]
]]>
            </message>
            <full-stacktrace>
              <![CDATA[org.openqa.selenium.SessionNotCreatedException: session not created: This version of ChromeDriver only supports Chrome version 105
Current browser version is 107.0.5304.88 with binary path C:\Program Files (x86)\Google\Chrome\Application\chrome.exe
Build info: version: '3.141.59', revision: 'e82be7d358', time: '2018-11-14T08:17:03'
System info: host: 'PIYUSH', ip: '192.168.1.11', os.name: 'Windows 8.1', os.arch: 'amd64', os.version: '6.3', java.version: '1.8.0_251'
Driver info: driver.version: ChromeDriver
remote stacktrace: Backtrace:
	Ordinal0 [0x00DEDF13+2219795]
	Ordinal0 [0x00D82841+1779777]
	Ordinal0 [0x00C9423D+803389]
	Ordinal0 [0x00CB64AC+943276]
	Ordinal0 [0x00CB19F0+924144]
	Ordinal0 [0x00CAF179+913785]
	Ordinal0 [0x00CE36B9+1128121]
	Ordinal0 [0x00CE331A+1127194]
	Ordinal0 [0x00CDE616+1107478]
	Ordinal0 [0x00CB7F89+950153]
	Ordinal0 [0x00CB8F56+954198]
	GetHandleVerifier [0x010E2CB2+3040210]
	GetHandleVerifier [0x010D2BB4+2974420]
	GetHandleVerifier [0x00E86A0A+565546]
	GetHandleVerifier [0x00E85680+560544]
	Ordinal0 [0x00D89A5C+1808988]
	Ordinal0 [0x00D8E3A8+1827752]
	Ordinal0 [0x00D8E495+1827989]
	Ordinal0 [0x00D980A4+1867940]
	BaseThreadInitThunk [0x76CE6A14+36]
	RtlInitializeExceptionChain [0x772BA9FF+143]
	RtlInitializeExceptionChain [0x772BA9CA+90]

	at sun.reflect.NativeConstructorAccessorImpl.newInstance0(Native Method)
	at sun.reflect.NativeConstructorAccessorImpl.newInstance(Unknown Source)
	at sun.reflect.DelegatingConstructorAccessorImpl.newInstance(Unknown Source)
	at java.lang.reflect.Constructor.newInstance(Unknown Source)
	at org.openqa.selenium.remote.W3CHandshakeResponse.lambda$errorHandler$0(W3CHandshakeResponse.java:62)
	at org.openqa.selenium.remote.HandshakeResponse.lambda$getResponseFunction$0(HandshakeResponse.java:30)
	at org.openqa.selenium.remote.ProtocolHandshake.lambda$createSession$0(ProtocolHandshake.java:126)
	at java.util.stream.ReferencePipeline$3$1.accept(Unknown Source)
	at java.util.Spliterators$ArraySpliterator.tryAdvance(Unknown Source)
	at java.util.stream.ReferencePipeline.forEachWithCancel(Unknown Source)
	at java.util.stream.AbstractPipeline.copyIntoWithCancel(Unknown Source)
	at java.util.stream.AbstractPipeline.copyInto(Unknown Source)
	at java.util.stream.AbstractPipeline.wrapAndCopyInto(Unknown Source)
	at java.util.stream.FindOps$FindOp.evaluateSequential(Unknown Source)
	at java.util.stream.AbstractPipeline.evaluate(Unknown Source)
	at java.util.stream.ReferencePipeline.findFirst(Unknown Source)
	at org.openqa.selenium.remote.ProtocolHandshake.createSession(ProtocolHandshake.java:128)
	at org.openqa.selenium.remote.ProtocolHandshake.createSession(ProtocolHandshake.java:74)
	at org.openqa.selenium.remote.HttpCommandExecutor.execute(HttpCommandExecutor.java:136)
	at org.openqa.selenium.remote.service.DriverCommandExecutor.execute(DriverCommandExecutor.java:83)
	at org.openqa.selenium.remote.RemoteWebDriver.execute(RemoteWebDriver.java:552)
	at org.openqa.selenium.remote.RemoteWebDriver.startSession(RemoteWebDriver.java:213)
	at org.openqa.selenium.remote.RemoteWebDriver.<init>(RemoteWebDriver.java:131)
	at org.openqa.selenium.chrome.ChromeDriver.<init>(ChromeDriver.java:181)
	at org.openqa.selenium.chrome.ChromeDriver.<init>(ChromeDriver.java:168)
	at org.openqa.selenium.chrome.ChromeDriver.<init>(ChromeDriver.java:123)
	at core.Page.openBrowser(Page.java:64)
	at sun.reflect.NativeMethodAccessorImpl.invoke0(Native Method)
	at sun.reflect.NativeMethodAccessorImpl.invoke(Unknown Source)
	at sun.reflect.DelegatingMethodAccessorImpl.invoke(Unknown Source)
	at java.lang.reflect.Method.invoke(Unknown Source)
	at org.testng.internal.MethodInvocationHelper.invokeMethod(MethodInvocationHelper.java:108)
	at org.testng.internal.Invoker.invokeConfigurationMethod(Invoker.java:523)
	at org.testng.internal.Invoker.invokeConfigurations(Invoker.java:224)
	at org.testng.internal.Invoker.invokeMethod(Invoker.java:599)
	at org.testng.internal.Invoker.invokeTestMethod(Invoker.java:869)
	at org.testng.internal.Invoker.invokeTestMethods(Invoker.java:1193)
	at org.testng.internal.TestMethodWorker.invokeTestMethods(TestMethodWorker.java:126)
	at org.testng.internal.TestMethodWorker.run(TestMethodWorker.java:109)
	at org.testng.TestRunner.privateRun(TestRunner.java:744)
	at org.testng.TestRunner.run(TestRunner.java:602)
	at org.testng.SuiteRunner.runTest(SuiteRunner.java:380)
	at org.testng.SuiteRunner.runSequentially(SuiteRunner.java:375)
	at org.testng.SuiteRunner.privateRun(SuiteRunner.java:340)
	at org.testng.SuiteRunner.run(SuiteRunner.java:289)
	at org.testng.SuiteRunnerWorker.runSuite(SuiteRunnerWorker.java:52)
	at org.testng.SuiteRunnerWorker.run(SuiteRunnerWorker.java:86)
	at org.testng.TestNG.runSuitesSequentially(TestNG.java:1301)
	at org.testng.TestNG.runSuitesLocally(TestNG.java:1226)
	at org.testng.TestNG.runSuites(TestNG.java:1144)
	at org.testng.TestNG.run(TestNG.java:1115)
	at org.testng.remote.AbstractRemoteTestNG.run(AbstractRemoteTestNG.java:132)
	at org.testng.remote.RemoteTestNG.initAndRun(RemoteTestNG.java:230)
	at org.testng.remote.RemoteTestNG.main(RemoteTestNG.java:76)
]]>
            </full-stacktrace>
          </exception> <!-- org.openqa.selenium.SessionNotCreatedException -->
          <reporter-output>
          </reporter-output>
        </test-method> <!-- openBrowser -->
        <test-method status="SKIP" signature="providerlogin(java.lang.String, java.lang.String, java.lang.String)[pri:0, instance:testcases.ProviderLoginTest@57baeedf]" name="providerlogin" duration-ms="0" started-at="2022-11-07T10:07:14Z" data-provider="logindata" finished-at="2022-11-07T10:07:14Z">
          <exception class="org.openqa.selenium.SessionNotCreatedException">
            <message>
              <![CDATA[session not created: This version of ChromeDriver only supports Chrome version 105
Current browser version is 107.0.5304.88 with binary path C:\Program Files (x86)\Google\Chrome\Application\chrome.exe
Build info: version: '3.141.59', revision: 'e82be7d358', time: '2018-11-14T08:17:03'
System info: host: 'PIYUSH', ip: '192.168.1.11', os.name: 'Windows 8.1', os.arch: 'amd64', os.version: '6.3', java.version: '1.8.0_251'
Driver info: driver.version: ChromeDriver
remote stacktrace: Backtrace:
	Ordinal0 [0x00DEDF13+2219795]
	Ordinal0 [0x00D82841+1779777]
	Ordinal0 [0x00C9423D+803389]
	Ordinal0 [0x00CB64AC+943276]
	Ordinal0 [0x00CB19F0+924144]
	Ordinal0 [0x00CAF179+913785]
	Ordinal0 [0x00CE36B9+1128121]
	Ordinal0 [0x00CE331A+1127194]
	Ordinal0 [0x00CDE616+1107478]
	Ordinal0 [0x00CB7F89+950153]
	Ordinal0 [0x00CB8F56+954198]
	GetHandleVerifier [0x010E2CB2+3040210]
	GetHandleVerifier [0x010D2BB4+2974420]
	GetHandleVerifier [0x00E86A0A+565546]
	GetHandleVerifier [0x00E85680+560544]
	Ordinal0 [0x00D89A5C+1808988]
	Ordinal0 [0x00D8E3A8+1827752]
	Ordinal0 [0x00D8E495+1827989]
	Ordinal0 [0x00D980A4+1867940]
	BaseThreadInitThunk [0x76CE6A14+36]
	RtlInitializeExceptionChain [0x772BA9FF+143]
	RtlInitializeExceptionChain [0x772BA9CA+90]
]]>
            </message>
            <full-stacktrace>
              <![CDATA[org.openqa.selenium.SessionNotCreatedException: session not created: This version of ChromeDriver only supports Chrome version 105
Current browser version is 107.0.5304.88 with binary path C:\Program Files (x86)\Google\Chrome\Application\chrome.exe
Build info: version: '3.141.59', revision: 'e82be7d358', time: '2018-11-14T08:17:03'
System info: host: 'PIYUSH', ip: '192.168.1.11', os.name: 'Windows 8.1', os.arch: 'amd64', os.version: '6.3', java.version: '1.8.0_251'
Driver info: driver.version: ChromeDriver
remote stacktrace: Backtrace:
	Ordinal0 [0x00DEDF13+2219795]
	Ordinal0 [0x00D82841+1779777]
	Ordinal0 [0x00C9423D+803389]
	Ordinal0 [0x00CB64AC+943276]
	Ordinal0 [0x00CB19F0+924144]
	Ordinal0 [0x00CAF179+913785]
	Ordinal0 [0x00CE36B9+1128121]
	Ordinal0 [0x00CE331A+1127194]
	Ordinal0 [0x00CDE616+1107478]
	Ordinal0 [0x00CB7F89+950153]
	Ordinal0 [0x00CB8F56+954198]
	GetHandleVerifier [0x010E2CB2+3040210]
	GetHandleVerifier [0x010D2BB4+2974420]
	GetHandleVerifier [0x00E86A0A+565546]
	GetHandleVerifier [0x00E85680+560544]
	Ordinal0 [0x00D89A5C+1808988]
	Ordinal0 [0x00D8E3A8+1827752]
	Ordinal0 [0x00D8E495+1827989]
	Ordinal0 [0x00D980A4+1867940]
	BaseThreadInitThunk [0x76CE6A14+36]
	RtlInitializeExceptionChain [0x772BA9FF+143]
	RtlInitializeExceptionChain [0x772BA9CA+90]

	at sun.reflect.NativeConstructorAccessorImpl.newInstance0(Native Method)
	at sun.reflect.NativeConstructorAccessorImpl.newInstance(Unknown Source)
	at sun.reflect.DelegatingConstructorAccessorImpl.newInstance(Unknown Source)
	at java.lang.reflect.Constructor.newInstance(Unknown Source)
	at org.openqa.selenium.remote.W3CHandshakeResponse.lambda$errorHandler$0(W3CHandshakeResponse.java:62)
	at org.openqa.selenium.remote.HandshakeResponse.lambda$getResponseFunction$0(HandshakeResponse.java:30)
	at org.openqa.selenium.remote.ProtocolHandshake.lambda$createSession$0(ProtocolHandshake.java:126)
	at java.util.stream.ReferencePipeline$3$1.accept(Unknown Source)
	at java.util.Spliterators$ArraySpliterator.tryAdvance(Unknown Source)
	at java.util.stream.ReferencePipeline.forEachWithCancel(Unknown Source)
	at java.util.stream.AbstractPipeline.copyIntoWithCancel(Unknown Source)
	at java.util.stream.AbstractPipeline.copyInto(Unknown Source)
	at java.util.stream.AbstractPipeline.wrapAndCopyInto(Unknown Source)
	at java.util.stream.FindOps$FindOp.evaluateSequential(Unknown Source)
	at java.util.stream.AbstractPipeline.evaluate(Unknown Source)
	at java.util.stream.ReferencePipeline.findFirst(Unknown Source)
	at org.openqa.selenium.remote.ProtocolHandshake.createSession(ProtocolHandshake.java:128)
	at org.openqa.selenium.remote.ProtocolHandshake.createSession(ProtocolHandshake.java:74)
	at org.openqa.selenium.remote.HttpCommandExecutor.execute(HttpCommandExecutor.java:136)
	at org.openqa.selenium.remote.service.DriverCommandExecutor.execute(DriverCommandExecutor.java:83)
	at org.openqa.selenium.remote.RemoteWebDriver.execute(RemoteWebDriver.java:552)
	at org.openqa.selenium.remote.RemoteWebDriver.startSession(RemoteWebDriver.java:213)
	at org.openqa.selenium.remote.RemoteWebDriver.<init>(RemoteWebDriver.java:131)
	at org.openqa.selenium.chrome.ChromeDriver.<init>(ChromeDriver.java:181)
	at org.openqa.selenium.chrome.ChromeDriver.<init>(ChromeDriver.java:168)
	at org.openqa.selenium.chrome.ChromeDriver.<init>(ChromeDriver.java:123)
	at core.Page.openBrowser(Page.java:64)
	at sun.reflect.NativeMethodAccessorImpl.invoke0(Native Method)
	at sun.reflect.NativeMethodAccessorImpl.invoke(Unknown Source)
	at sun.reflect.DelegatingMethodAccessorImpl.invoke(Unknown Source)
	at java.lang.reflect.Method.invoke(Unknown Source)
	at org.testng.internal.MethodInvocationHelper.invokeMethod(MethodInvocationHelper.java:108)
	at org.testng.internal.Invoker.invokeConfigurationMethod(Invoker.java:523)
	at org.testng.internal.Invoker.invokeConfigurations(Invoker.java:224)
	at org.testng.internal.Invoker.invokeMethod(Invoker.java:599)
	at org.testng.internal.Invoker.invokeTestMethod(Invoker.java:869)
	at org.testng.internal.Invoker.invokeTestMethods(Invoker.java:1193)
	at org.testng.internal.TestMethodWorker.invokeTestMethods(TestMethodWorker.java:126)
	at org.testng.internal.TestMethodWorker.run(TestMethodWorker.java:109)
	at org.testng.TestRunner.privateRun(TestRunner.java:744)
	at org.testng.TestRunner.run(TestRunner.java:602)
	at org.testng.SuiteRunner.runTest(SuiteRunner.java:380)
	at org.testng.SuiteRunner.runSequentially(SuiteRunner.java:375)
	at org.testng.SuiteRunner.privateRun(SuiteRunner.java:340)
	at org.testng.SuiteRunner.run(SuiteRunner.java:289)
	at org.testng.SuiteRunnerWorker.runSuite(SuiteRunnerWorker.java:52)
	at org.testng.SuiteRunnerWorker.run(SuiteRunnerWorker.java:86)
	at org.testng.TestNG.runSuitesSequentially(TestNG.java:1301)
	at org.testng.TestNG.runSuitesLocally(TestNG.java:1226)
	at org.testng.TestNG.runSuites(TestNG.java:1144)
	at org.testng.TestNG.run(TestNG.java:1115)
	at org.testng.remote.AbstractRemoteTestNG.run(AbstractRemoteTestNG.java:132)
	at org.testng.remote.RemoteTestNG.initAndRun(RemoteTestNG.java:230)
	at org.testng.remote.RemoteTestNG.main(RemoteTestNG.java:76)
]]>
            </full-stacktrace>
          </exception> <!-- org.openqa.selenium.SessionNotCreatedException -->
          <reporter-output>
          </reporter-output>
        </test-method> <!-- providerlogin -->
        <test-method status="SKIP" signature="openBrowser(java.lang.String, java.lang.String, java.lang.String)[pri:0, instance:testcases.ProviderLoginTest@57baeedf]" name="openBrowser" is-config="true" duration-ms="0" started-at="2022-11-07T10:07:14Z" finished-at="2022-11-07T10:07:14Z">
          <reporter-output>
          </reporter-output>
        </test-method> <!-- openBrowser -->
        <test-method status="SKIP" signature="providerlogin(java.lang.String, java.lang.String, java.lang.String)[pri:0, instance:testcases.ProviderLoginTest@57baeedf]" name="providerlogin" duration-ms="0" started-at="2022-11-07T10:07:14Z" data-provider="logindata" finished-at="2022-11-07T10:07:14Z">
          <exception class="org.openqa.selenium.SessionNotCreatedException">
            <message>
              <![CDATA[session not created: This version of ChromeDriver only supports Chrome version 105
Current browser version is 107.0.5304.88 with binary path C:\Program Files (x86)\Google\Chrome\Application\chrome.exe
Build info: version: '3.141.59', revision: 'e82be7d358', time: '2018-11-14T08:17:03'
System info: host: 'PIYUSH', ip: '192.168.1.11', os.name: 'Windows 8.1', os.arch: 'amd64', os.version: '6.3', java.version: '1.8.0_251'
Driver info: driver.version: ChromeDriver
remote stacktrace: Backtrace:
	Ordinal0 [0x00DEDF13+2219795]
	Ordinal0 [0x00D82841+1779777]
	Ordinal0 [0x00C9423D+803389]
	Ordinal0 [0x00CB64AC+943276]
	Ordinal0 [0x00CB19F0+924144]
	Ordinal0 [0x00CAF179+913785]
	Ordinal0 [0x00CE36B9+1128121]
	Ordinal0 [0x00CE331A+1127194]
	Ordinal0 [0x00CDE616+1107478]
	Ordinal0 [0x00CB7F89+950153]
	Ordinal0 [0x00CB8F56+954198]
	GetHandleVerifier [0x010E2CB2+3040210]
	GetHandleVerifier [0x010D2BB4+2974420]
	GetHandleVerifier [0x00E86A0A+565546]
	GetHandleVerifier [0x00E85680+560544]
	Ordinal0 [0x00D89A5C+1808988]
	Ordinal0 [0x00D8E3A8+1827752]
	Ordinal0 [0x00D8E495+1827989]
	Ordinal0 [0x00D980A4+1867940]
	BaseThreadInitThunk [0x76CE6A14+36]
	RtlInitializeExceptionChain [0x772BA9FF+143]
	RtlInitializeExceptionChain [0x772BA9CA+90]
]]>
            </message>
            <full-stacktrace>
              <![CDATA[org.openqa.selenium.SessionNotCreatedException: session not created: This version of ChromeDriver only supports Chrome version 105
Current browser version is 107.0.5304.88 with binary path C:\Program Files (x86)\Google\Chrome\Application\chrome.exe
Build info: version: '3.141.59', revision: 'e82be7d358', time: '2018-11-14T08:17:03'
System info: host: 'PIYUSH', ip: '192.168.1.11', os.name: 'Windows 8.1', os.arch: 'amd64', os.version: '6.3', java.version: '1.8.0_251'
Driver info: driver.version: ChromeDriver
remote stacktrace: Backtrace:
	Ordinal0 [0x00DEDF13+2219795]
	Ordinal0 [0x00D82841+1779777]
	Ordinal0 [0x00C9423D+803389]
	Ordinal0 [0x00CB64AC+943276]
	Ordinal0 [0x00CB19F0+924144]
	Ordinal0 [0x00CAF179+913785]
	Ordinal0 [0x00CE36B9+1128121]
	Ordinal0 [0x00CE331A+1127194]
	Ordinal0 [0x00CDE616+1107478]
	Ordinal0 [0x00CB7F89+950153]
	Ordinal0 [0x00CB8F56+954198]
	GetHandleVerifier [0x010E2CB2+3040210]
	GetHandleVerifier [0x010D2BB4+2974420]
	GetHandleVerifier [0x00E86A0A+565546]
	GetHandleVerifier [0x00E85680+560544]
	Ordinal0 [0x00D89A5C+1808988]
	Ordinal0 [0x00D8E3A8+1827752]
	Ordinal0 [0x00D8E495+1827989]
	Ordinal0 [0x00D980A4+1867940]
	BaseThreadInitThunk [0x76CE6A14+36]
	RtlInitializeExceptionChain [0x772BA9FF+143]
	RtlInitializeExceptionChain [0x772BA9CA+90]

	at sun.reflect.NativeConstructorAccessorImpl.newInstance0(Native Method)
	at sun.reflect.NativeConstructorAccessorImpl.newInstance(Unknown Source)
	at sun.reflect.DelegatingConstructorAccessorImpl.newInstance(Unknown Source)
	at java.lang.reflect.Constructor.newInstance(Unknown Source)
	at org.openqa.selenium.remote.W3CHandshakeResponse.lambda$errorHandler$0(W3CHandshakeResponse.java:62)
	at org.openqa.selenium.remote.HandshakeResponse.lambda$getResponseFunction$0(HandshakeResponse.java:30)
	at org.openqa.selenium.remote.ProtocolHandshake.lambda$createSession$0(ProtocolHandshake.java:126)
	at java.util.stream.ReferencePipeline$3$1.accept(Unknown Source)
	at java.util.Spliterators$ArraySpliterator.tryAdvance(Unknown Source)
	at java.util.stream.ReferencePipeline.forEachWithCancel(Unknown Source)
	at java.util.stream.AbstractPipeline.copyIntoWithCancel(Unknown Source)
	at java.util.stream.AbstractPipeline.copyInto(Unknown Source)
	at java.util.stream.AbstractPipeline.wrapAndCopyInto(Unknown Source)
	at java.util.stream.FindOps$FindOp.evaluateSequential(Unknown Source)
	at java.util.stream.AbstractPipeline.evaluate(Unknown Source)
	at java.util.stream.ReferencePipeline.findFirst(Unknown Source)
	at org.openqa.selenium.remote.ProtocolHandshake.createSession(ProtocolHandshake.java:128)
	at org.openqa.selenium.remote.ProtocolHandshake.createSession(ProtocolHandshake.java:74)
	at org.openqa.selenium.remote.HttpCommandExecutor.execute(HttpCommandExecutor.java:136)
	at org.openqa.selenium.remote.service.DriverCommandExecutor.execute(DriverCommandExecutor.java:83)
	at org.openqa.selenium.remote.RemoteWebDriver.execute(RemoteWebDriver.java:552)
	at org.openqa.selenium.remote.RemoteWebDriver.startSession(RemoteWebDriver.java:213)
	at org.openqa.selenium.remote.RemoteWebDriver.<init>(RemoteWebDriver.java:131)
	at org.openqa.selenium.chrome.ChromeDriver.<init>(ChromeDriver.java:181)
	at org.openqa.selenium.chrome.ChromeDriver.<init>(ChromeDriver.java:168)
	at org.openqa.selenium.chrome.ChromeDriver.<init>(ChromeDriver.java:123)
	at core.Page.openBrowser(Page.java:64)
	at sun.reflect.NativeMethodAccessorImpl.invoke0(Native Method)
	at sun.reflect.NativeMethodAccessorImpl.invoke(Unknown Source)
	at sun.reflect.DelegatingMethodAccessorImpl.invoke(Unknown Source)
	at java.lang.reflect.Method.invoke(Unknown Source)
	at org.testng.internal.MethodInvocationHelper.invokeMethod(MethodInvocationHelper.java:108)
	at org.testng.internal.Invoker.invokeConfigurationMethod(Invoker.java:523)
	at org.testng.internal.Invoker.invokeConfigurations(Invoker.java:224)
	at org.testng.internal.Invoker.invokeMethod(Invoker.java:599)
	at org.testng.internal.Invoker.invokeTestMethod(Invoker.java:869)
	at org.testng.internal.Invoker.invokeTestMethods(Invoker.java:1193)
	at org.testng.internal.TestMethodWorker.invokeTestMethods(TestMethodWorker.java:126)
	at org.testng.internal.TestMethodWorker.run(TestMethodWorker.java:109)
	at org.testng.TestRunner.privateRun(TestRunner.java:744)
	at org.testng.TestRunner.run(TestRunner.java:602)
	at org.testng.SuiteRunner.runTest(SuiteRunner.java:380)
	at org.testng.SuiteRunner.runSequentially(SuiteRunner.java:375)
	at org.testng.SuiteRunner.privateRun(SuiteRunner.java:340)
	at org.testng.SuiteRunner.run(SuiteRunner.java:289)
	at org.testng.SuiteRunnerWorker.runSuite(SuiteRunnerWorker.java:52)
	at org.testng.SuiteRunnerWorker.run(SuiteRunnerWorker.java:86)
	at org.testng.TestNG.runSuitesSequentially(TestNG.java:1301)
	at org.testng.TestNG.runSuitesLocally(TestNG.java:1226)
	at org.testng.TestNG.runSuites(TestNG.java:1144)
	at org.testng.TestNG.run(TestNG.java:1115)
	at org.testng.remote.AbstractRemoteTestNG.run(AbstractRemoteTestNG.java:132)
	at org.testng.remote.RemoteTestNG.initAndRun(RemoteTestNG.java:230)
	at org.testng.remote.RemoteTestNG.main(RemoteTestNG.java:76)
]]>
            </full-stacktrace>
          </exception> <!-- org.openqa.selenium.SessionNotCreatedException -->
          <reporter-output>
          </reporter-output>
        </test-method> <!-- providerlogin -->
        <test-method status="SKIP" signature="openBrowser(java.lang.String, java.lang.String, java.lang.String)[pri:0, instance:testcases.ProviderLoginTest@57baeedf]" name="openBrowser" is-config="true" duration-ms="0" started-at="2022-11-07T10:07:14Z" finished-at="2022-11-07T10:07:14Z">
          <reporter-output>
          </reporter-output>
        </test-method> <!-- openBrowser -->
        <test-method status="SKIP" signature="providerlogin(java.lang.String, java.lang.String, java.lang.String)[pri:0, instance:testcases.ProviderLoginTest@57baeedf]" name="providerlogin" duration-ms="0" started-at="2022-11-07T10:07:14Z" data-provider="logindata" finished-at="2022-11-07T10:07:14Z">
          <exception class="org.openqa.selenium.SessionNotCreatedException">
            <message>
              <![CDATA[session not created: This version of ChromeDriver only supports Chrome version 105
Current browser version is 107.0.5304.88 with binary path C:\Program Files (x86)\Google\Chrome\Application\chrome.exe
Build info: version: '3.141.59', revision: 'e82be7d358', time: '2018-11-14T08:17:03'
System info: host: 'PIYUSH', ip: '192.168.1.11', os.name: 'Windows 8.1', os.arch: 'amd64', os.version: '6.3', java.version: '1.8.0_251'
Driver info: driver.version: ChromeDriver
remote stacktrace: Backtrace:
	Ordinal0 [0x00DEDF13+2219795]
	Ordinal0 [0x00D82841+1779777]
	Ordinal0 [0x00C9423D+803389]
	Ordinal0 [0x00CB64AC+943276]
	Ordinal0 [0x00CB19F0+924144]
	Ordinal0 [0x00CAF179+913785]
	Ordinal0 [0x00CE36B9+1128121]
	Ordinal0 [0x00CE331A+1127194]
	Ordinal0 [0x00CDE616+1107478]
	Ordinal0 [0x00CB7F89+950153]
	Ordinal0 [0x00CB8F56+954198]
	GetHandleVerifier [0x010E2CB2+3040210]
	GetHandleVerifier [0x010D2BB4+2974420]
	GetHandleVerifier [0x00E86A0A+565546]
	GetHandleVerifier [0x00E85680+560544]
	Ordinal0 [0x00D89A5C+1808988]
	Ordinal0 [0x00D8E3A8+1827752]
	Ordinal0 [0x00D8E495+1827989]
	Ordinal0 [0x00D980A4+1867940]
	BaseThreadInitThunk [0x76CE6A14+36]
	RtlInitializeExceptionChain [0x772BA9FF+143]
	RtlInitializeExceptionChain [0x772BA9CA+90]
]]>
            </message>
            <full-stacktrace>
              <![CDATA[org.openqa.selenium.SessionNotCreatedException: session not created: This version of ChromeDriver only supports Chrome version 105
Current browser version is 107.0.5304.88 with binary path C:\Program Files (x86)\Google\Chrome\Application\chrome.exe
Build info: version: '3.141.59', revision: 'e82be7d358', time: '2018-11-14T08:17:03'
System info: host: 'PIYUSH', ip: '192.168.1.11', os.name: 'Windows 8.1', os.arch: 'amd64', os.version: '6.3', java.version: '1.8.0_251'
Driver info: driver.version: ChromeDriver
remote stacktrace: Backtrace:
	Ordinal0 [0x00DEDF13+2219795]
	Ordinal0 [0x00D82841+1779777]
	Ordinal0 [0x00C9423D+803389]
	Ordinal0 [0x00CB64AC+943276]
	Ordinal0 [0x00CB19F0+924144]
	Ordinal0 [0x00CAF179+913785]
	Ordinal0 [0x00CE36B9+1128121]
	Ordinal0 [0x00CE331A+1127194]
	Ordinal0 [0x00CDE616+1107478]
	Ordinal0 [0x00CB7F89+950153]
	Ordinal0 [0x00CB8F56+954198]
	GetHandleVerifier [0x010E2CB2+3040210]
	GetHandleVerifier [0x010D2BB4+2974420]
	GetHandleVerifier [0x00E86A0A+565546]
	GetHandleVerifier [0x00E85680+560544]
	Ordinal0 [0x00D89A5C+1808988]
	Ordinal0 [0x00D8E3A8+1827752]
	Ordinal0 [0x00D8E495+1827989]
	Ordinal0 [0x00D980A4+1867940]
	BaseThreadInitThunk [0x76CE6A14+36]
	RtlInitializeExceptionChain [0x772BA9FF+143]
	RtlInitializeExceptionChain [0x772BA9CA+90]

	at sun.reflect.NativeConstructorAccessorImpl.newInstance0(Native Method)
	at sun.reflect.NativeConstructorAccessorImpl.newInstance(Unknown Source)
	at sun.reflect.DelegatingConstructorAccessorImpl.newInstance(Unknown Source)
	at java.lang.reflect.Constructor.newInstance(Unknown Source)
	at org.openqa.selenium.remote.W3CHandshakeResponse.lambda$errorHandler$0(W3CHandshakeResponse.java:62)
	at org.openqa.selenium.remote.HandshakeResponse.lambda$getResponseFunction$0(HandshakeResponse.java:30)
	at org.openqa.selenium.remote.ProtocolHandshake.lambda$createSession$0(ProtocolHandshake.java:126)
	at java.util.stream.ReferencePipeline$3$1.accept(Unknown Source)
	at java.util.Spliterators$ArraySpliterator.tryAdvance(Unknown Source)
	at java.util.stream.ReferencePipeline.forEachWithCancel(Unknown Source)
	at java.util.stream.AbstractPipeline.copyIntoWithCancel(Unknown Source)
	at java.util.stream.AbstractPipeline.copyInto(Unknown Source)
	at java.util.stream.AbstractPipeline.wrapAndCopyInto(Unknown Source)
	at java.util.stream.FindOps$FindOp.evaluateSequential(Unknown Source)
	at java.util.stream.AbstractPipeline.evaluate(Unknown Source)
	at java.util.stream.ReferencePipeline.findFirst(Unknown Source)
	at org.openqa.selenium.remote.ProtocolHandshake.createSession(ProtocolHandshake.java:128)
	at org.openqa.selenium.remote.ProtocolHandshake.createSession(ProtocolHandshake.java:74)
	at org.openqa.selenium.remote.HttpCommandExecutor.execute(HttpCommandExecutor.java:136)
	at org.openqa.selenium.remote.service.DriverCommandExecutor.execute(DriverCommandExecutor.java:83)
	at org.openqa.selenium.remote.RemoteWebDriver.execute(RemoteWebDriver.java:552)
	at org.openqa.selenium.remote.RemoteWebDriver.startSession(RemoteWebDriver.java:213)
	at org.openqa.selenium.remote.RemoteWebDriver.<init>(RemoteWebDriver.java:131)
	at org.openqa.selenium.chrome.ChromeDriver.<init>(ChromeDriver.java:181)
	at org.openqa.selenium.chrome.ChromeDriver.<init>(ChromeDriver.java:168)
	at org.openqa.selenium.chrome.ChromeDriver.<init>(ChromeDriver.java:123)
	at core.Page.openBrowser(Page.java:64)
	at sun.reflect.NativeMethodAccessorImpl.invoke0(Native Method)
	at sun.reflect.NativeMethodAccessorImpl.invoke(Unknown Source)
	at sun.reflect.DelegatingMethodAccessorImpl.invoke(Unknown Source)
	at java.lang.reflect.Method.invoke(Unknown Source)
	at org.testng.internal.MethodInvocationHelper.invokeMethod(MethodInvocationHelper.java:108)
	at org.testng.internal.Invoker.invokeConfigurationMethod(Invoker.java:523)
	at org.testng.internal.Invoker.invokeConfigurations(Invoker.java:224)
	at org.testng.internal.Invoker.invokeMethod(Invoker.java:599)
	at org.testng.internal.Invoker.invokeTestMethod(Invoker.java:869)
	at org.testng.internal.Invoker.invokeTestMethods(Invoker.java:1193)
	at org.testng.internal.TestMethodWorker.invokeTestMethods(TestMethodWorker.java:126)
	at org.testng.internal.TestMethodWorker.run(TestMethodWorker.java:109)
	at org.testng.TestRunner.privateRun(TestRunner.java:744)
	at org.testng.TestRunner.run(TestRunner.java:602)
	at org.testng.SuiteRunner.runTest(SuiteRunner.java:380)
	at org.testng.SuiteRunner.runSequentially(SuiteRunner.java:375)
	at org.testng.SuiteRunner.privateRun(SuiteRunner.java:340)
	at org.testng.SuiteRunner.run(SuiteRunner.java:289)
	at org.testng.SuiteRunnerWorker.runSuite(SuiteRunnerWorker.java:52)
	at org.testng.SuiteRunnerWorker.run(SuiteRunnerWorker.java:86)
	at org.testng.TestNG.runSuitesSequentially(TestNG.java:1301)
	at org.testng.TestNG.runSuitesLocally(TestNG.java:1226)
	at org.testng.TestNG.runSuites(TestNG.java:1144)
	at org.testng.TestNG.run(TestNG.java:1115)
	at org.testng.remote.AbstractRemoteTestNG.run(AbstractRemoteTestNG.java:132)
	at org.testng.remote.RemoteTestNG.initAndRun(RemoteTestNG.java:230)
	at org.testng.remote.RemoteTestNG.main(RemoteTestNG.java:76)
]]>
            </full-stacktrace>
          </exception> <!-- org.openqa.selenium.SessionNotCreatedException -->
          <reporter-output>
          </reporter-output>
        </test-method> <!-- providerlogin -->
        <test-method status="SKIP" signature="endReport(java.lang.String)[pri:0, instance:testcases.ProviderLoginTest@57baeedf]" name="endReport" is-config="true" duration-ms="0" started-at="2022-11-07T10:07:14Z" finished-at="2022-11-07T10:07:14Z">
          <reporter-output>
          </reporter-output>
        </test-method> <!-- endReport -->
      </class> <!-- testcases.ProviderLoginTest -->
    </test> <!-- ProviderTest -->
    <test name="SeekerTest" duration-ms="1694" started-at="2022-11-07T04:37:14Z" finished-at="2022-11-07T04:37:16Z">
      <class name="testcases.SeekerLoginTest">
        <test-method status="PASS" signature="createReport(java.lang.String, java.lang.String)[pri:0, instance:testcases.SeekerLoginTest@3fee9989]" name="createReport" is-config="true" duration-ms="63" started-at="2022-11-07T10:07:14Z" finished-at="2022-11-07T10:07:14Z">
          <params>
            <param index="0">
              <value>
                <![CDATA[SeekerLog]]>
              </value>
            </param>
            <param index="1">
              <value>
                <![CDATA[true]]>
              </value>
            </param>
          </params>
          <reporter-output>
          </reporter-output>
        </test-method> <!-- createReport -->
        <test-method status="PASS" signature="getexternalxpath(java.lang.String)[pri:0, instance:testcases.SeekerLoginTest@3fee9989]" name="getexternalxpath" is-config="true" duration-ms="12" started-at="2022-11-07T10:07:14Z" finished-at="2022-11-07T10:07:14Z">
          <params>
            <param index="0">
              <value>
                <![CDATA[seekerxpath.properties]]>
              </value>
            </param>
          </params>
          <reporter-output>
          </reporter-output>
        </test-method> <!-- getexternalxpath -->
        <test-method status="FAIL" signature="openBrowser(java.lang.String, java.lang.String, java.lang.String)[pri:0, instance:testcases.SeekerLoginTest@3fee9989]" name="openBrowser" is-config="true" duration-ms="1526" started-at="2022-11-07T10:07:14Z" finished-at="2022-11-07T10:07:16Z">
          <params>
            <param index="0">
              <value>
                <![CDATA[chrome]]>
              </value>
            </param>
            <param index="1">
              <value>
                <![CDATA[http://www.nethorizonconsultancy.com/Seeker.aspx]]>
              </value>
            </param>
            <param index="2">
              <value>
                <![CDATA[Seeker]]>
              </value>
            </param>
          </params>
          <exception class="org.openqa.selenium.SessionNotCreatedException">
            <message>
              <![CDATA[session not created: This version of ChromeDriver only supports Chrome version 105
Current browser version is 107.0.5304.88 with binary path C:\Program Files (x86)\Google\Chrome\Application\chrome.exe
Build info: version: '3.141.59', revision: 'e82be7d358', time: '2018-11-14T08:17:03'
System info: host: 'PIYUSH', ip: '192.168.1.11', os.name: 'Windows 8.1', os.arch: 'amd64', os.version: '6.3', java.version: '1.8.0_251'
Driver info: driver.version: ChromeDriver
remote stacktrace: Backtrace:
	Ordinal0 [0x00DEDF13+2219795]
	Ordinal0 [0x00D82841+1779777]
	Ordinal0 [0x00C9423D+803389]
	Ordinal0 [0x00CB64AC+943276]
	Ordinal0 [0x00CB19F0+924144]
	Ordinal0 [0x00CAF179+913785]
	Ordinal0 [0x00CE36B9+1128121]
	Ordinal0 [0x00CE331A+1127194]
	Ordinal0 [0x00CDE616+1107478]
	Ordinal0 [0x00CB7F89+950153]
	Ordinal0 [0x00CB8F56+954198]
	GetHandleVerifier [0x010E2CB2+3040210]
	GetHandleVerifier [0x010D2BB4+2974420]
	GetHandleVerifier [0x00E86A0A+565546]
	GetHandleVerifier [0x00E85680+560544]
	Ordinal0 [0x00D89A5C+1808988]
	Ordinal0 [0x00D8E3A8+1827752]
	Ordinal0 [0x00D8E495+1827989]
	Ordinal0 [0x00D980A4+1867940]
	BaseThreadInitThunk [0x76CE6A14+36]
	RtlInitializeExceptionChain [0x772BA9FF+143]
	RtlInitializeExceptionChain [0x772BA9CA+90]
]]>
            </message>
            <full-stacktrace>
              <![CDATA[org.openqa.selenium.SessionNotCreatedException: session not created: This version of ChromeDriver only supports Chrome version 105
Current browser version is 107.0.5304.88 with binary path C:\Program Files (x86)\Google\Chrome\Application\chrome.exe
Build info: version: '3.141.59', revision: 'e82be7d358', time: '2018-11-14T08:17:03'
System info: host: 'PIYUSH', ip: '192.168.1.11', os.name: 'Windows 8.1', os.arch: 'amd64', os.version: '6.3', java.version: '1.8.0_251'
Driver info: driver.version: ChromeDriver
remote stacktrace: Backtrace:
	Ordinal0 [0x00DEDF13+2219795]
	Ordinal0 [0x00D82841+1779777]
	Ordinal0 [0x00C9423D+803389]
	Ordinal0 [0x00CB64AC+943276]
	Ordinal0 [0x00CB19F0+924144]
	Ordinal0 [0x00CAF179+913785]
	Ordinal0 [0x00CE36B9+1128121]
	Ordinal0 [0x00CE331A+1127194]
	Ordinal0 [0x00CDE616+1107478]
	Ordinal0 [0x00CB7F89+950153]
	Ordinal0 [0x00CB8F56+954198]
	GetHandleVerifier [0x010E2CB2+3040210]
	GetHandleVerifier [0x010D2BB4+2974420]
	GetHandleVerifier [0x00E86A0A+565546]
	GetHandleVerifier [0x00E85680+560544]
	Ordinal0 [0x00D89A5C+1808988]
	Ordinal0 [0x00D8E3A8+1827752]
	Ordinal0 [0x00D8E495+1827989]
	Ordinal0 [0x00D980A4+1867940]
	BaseThreadInitThunk [0x76CE6A14+36]
	RtlInitializeExceptionChain [0x772BA9FF+143]
	RtlInitializeExceptionChain [0x772BA9CA+90]

	at sun.reflect.NativeConstructorAccessorImpl.newInstance0(Native Method)
	at sun.reflect.NativeConstructorAccessorImpl.newInstance(Unknown Source)
	at sun.reflect.DelegatingConstructorAccessorImpl.newInstance(Unknown Source)
	at java.lang.reflect.Constructor.newInstance(Unknown Source)
	at org.openqa.selenium.remote.W3CHandshakeResponse.lambda$errorHandler$0(W3CHandshakeResponse.java:62)
	at org.openqa.selenium.remote.HandshakeResponse.lambda$getResponseFunction$0(HandshakeResponse.java:30)
	at org.openqa.selenium.remote.ProtocolHandshake.lambda$createSession$0(ProtocolHandshake.java:126)
	at java.util.stream.ReferencePipeline$3$1.accept(Unknown Source)
	at java.util.Spliterators$ArraySpliterator.tryAdvance(Unknown Source)
	at java.util.stream.ReferencePipeline.forEachWithCancel(Unknown Source)
	at java.util.stream.AbstractPipeline.copyIntoWithCancel(Unknown Source)
	at java.util.stream.AbstractPipeline.copyInto(Unknown Source)
	at java.util.stream.AbstractPipeline.wrapAndCopyInto(Unknown Source)
	at java.util.stream.FindOps$FindOp.evaluateSequential(Unknown Source)
	at java.util.stream.AbstractPipeline.evaluate(Unknown Source)
	at java.util.stream.ReferencePipeline.findFirst(Unknown Source)
	at org.openqa.selenium.remote.ProtocolHandshake.createSession(ProtocolHandshake.java:128)
	at org.openqa.selenium.remote.ProtocolHandshake.createSession(ProtocolHandshake.java:74)
	at org.openqa.selenium.remote.HttpCommandExecutor.execute(HttpCommandExecutor.java:136)
	at org.openqa.selenium.remote.service.DriverCommandExecutor.execute(DriverCommandExecutor.java:83)
	at org.openqa.selenium.remote.RemoteWebDriver.execute(RemoteWebDriver.java:552)
	at org.openqa.selenium.remote.RemoteWebDriver.startSession(RemoteWebDriver.java:213)
	at org.openqa.selenium.remote.RemoteWebDriver.<init>(RemoteWebDriver.java:131)
	at org.openqa.selenium.chrome.ChromeDriver.<init>(ChromeDriver.java:181)
	at org.openqa.selenium.chrome.ChromeDriver.<init>(ChromeDriver.java:168)
	at org.openqa.selenium.chrome.ChromeDriver.<init>(ChromeDriver.java:123)
	at core.Page.openBrowser(Page.java:64)
	at sun.reflect.NativeMethodAccessorImpl.invoke0(Native Method)
	at sun.reflect.NativeMethodAccessorImpl.invoke(Unknown Source)
	at sun.reflect.DelegatingMethodAccessorImpl.invoke(Unknown Source)
	at java.lang.reflect.Method.invoke(Unknown Source)
	at org.testng.internal.MethodInvocationHelper.invokeMethod(MethodInvocationHelper.java:108)
	at org.testng.internal.Invoker.invokeConfigurationMethod(Invoker.java:523)
	at org.testng.internal.Invoker.invokeConfigurations(Invoker.java:224)
	at org.testng.internal.Invoker.invokeMethod(Invoker.java:599)
	at org.testng.internal.Invoker.invokeTestMethod(Invoker.java:869)
	at org.testng.internal.Invoker.invokeTestMethods(Invoker.java:1193)
	at org.testng.internal.TestMethodWorker.invokeTestMethods(TestMethodWorker.java:126)
	at org.testng.internal.TestMethodWorker.run(TestMethodWorker.java:109)
	at org.testng.TestRunner.privateRun(TestRunner.java:744)
	at org.testng.TestRunner.run(TestRunner.java:602)
	at org.testng.SuiteRunner.runTest(SuiteRunner.java:380)
	at org.testng.SuiteRunner.runSequentially(SuiteRunner.java:375)
	at org.testng.SuiteRunner.privateRun(SuiteRunner.java:340)
	at org.testng.SuiteRunner.run(SuiteRunner.java:289)
	at org.testng.SuiteRunnerWorker.runSuite(SuiteRunnerWorker.java:52)
	at org.testng.SuiteRunnerWorker.run(SuiteRunnerWorker.java:86)
	at org.testng.TestNG.runSuitesSequentially(TestNG.java:1301)
	at org.testng.TestNG.runSuitesLocally(TestNG.java:1226)
	at org.testng.TestNG.runSuites(TestNG.java:1144)
	at org.testng.TestNG.run(TestNG.java:1115)
	at org.testng.remote.AbstractRemoteTestNG.run(AbstractRemoteTestNG.java:132)
	at org.testng.remote.RemoteTestNG.initAndRun(RemoteTestNG.java:230)
	at org.testng.remote.RemoteTestNG.main(RemoteTestNG.java:76)
]]>
            </full-stacktrace>
          </exception> <!-- org.openqa.selenium.SessionNotCreatedException -->
          <reporter-output>
          </reporter-output>
        </test-method> <!-- openBrowser -->
        <test-method status="SKIP" signature="seekerlogin(java.lang.String, java.lang.String)[pri:0, instance:testcases.SeekerLoginTest@3fee9989]" name="seekerlogin" duration-ms="0" started-at="2022-11-07T10:07:16Z" data-provider="seekerdata" finished-at="2022-11-07T10:07:16Z">
          <exception class="org.openqa.selenium.SessionNotCreatedException">
            <message>
              <![CDATA[session not created: This version of ChromeDriver only supports Chrome version 105
Current browser version is 107.0.5304.88 with binary path C:\Program Files (x86)\Google\Chrome\Application\chrome.exe
Build info: version: '3.141.59', revision: 'e82be7d358', time: '2018-11-14T08:17:03'
System info: host: 'PIYUSH', ip: '192.168.1.11', os.name: 'Windows 8.1', os.arch: 'amd64', os.version: '6.3', java.version: '1.8.0_251'
Driver info: driver.version: ChromeDriver
remote stacktrace: Backtrace:
	Ordinal0 [0x00DEDF13+2219795]
	Ordinal0 [0x00D82841+1779777]
	Ordinal0 [0x00C9423D+803389]
	Ordinal0 [0x00CB64AC+943276]
	Ordinal0 [0x00CB19F0+924144]
	Ordinal0 [0x00CAF179+913785]
	Ordinal0 [0x00CE36B9+1128121]
	Ordinal0 [0x00CE331A+1127194]
	Ordinal0 [0x00CDE616+1107478]
	Ordinal0 [0x00CB7F89+950153]
	Ordinal0 [0x00CB8F56+954198]
	GetHandleVerifier [0x010E2CB2+3040210]
	GetHandleVerifier [0x010D2BB4+2974420]
	GetHandleVerifier [0x00E86A0A+565546]
	GetHandleVerifier [0x00E85680+560544]
	Ordinal0 [0x00D89A5C+1808988]
	Ordinal0 [0x00D8E3A8+1827752]
	Ordinal0 [0x00D8E495+1827989]
	Ordinal0 [0x00D980A4+1867940]
	BaseThreadInitThunk [0x76CE6A14+36]
	RtlInitializeExceptionChain [0x772BA9FF+143]
	RtlInitializeExceptionChain [0x772BA9CA+90]
]]>
            </message>
            <full-stacktrace>
              <![CDATA[org.openqa.selenium.SessionNotCreatedException: session not created: This version of ChromeDriver only supports Chrome version 105
Current browser version is 107.0.5304.88 with binary path C:\Program Files (x86)\Google\Chrome\Application\chrome.exe
Build info: version: '3.141.59', revision: 'e82be7d358', time: '2018-11-14T08:17:03'
System info: host: 'PIYUSH', ip: '192.168.1.11', os.name: 'Windows 8.1', os.arch: 'amd64', os.version: '6.3', java.version: '1.8.0_251'
Driver info: driver.version: ChromeDriver
remote stacktrace: Backtrace:
	Ordinal0 [0x00DEDF13+2219795]
	Ordinal0 [0x00D82841+1779777]
	Ordinal0 [0x00C9423D+803389]
	Ordinal0 [0x00CB64AC+943276]
	Ordinal0 [0x00CB19F0+924144]
	Ordinal0 [0x00CAF179+913785]
	Ordinal0 [0x00CE36B9+1128121]
	Ordinal0 [0x00CE331A+1127194]
	Ordinal0 [0x00CDE616+1107478]
	Ordinal0 [0x00CB7F89+950153]
	Ordinal0 [0x00CB8F56+954198]
	GetHandleVerifier [0x010E2CB2+3040210]
	GetHandleVerifier [0x010D2BB4+2974420]
	GetHandleVerifier [0x00E86A0A+565546]
	GetHandleVerifier [0x00E85680+560544]
	Ordinal0 [0x00D89A5C+1808988]
	Ordinal0 [0x00D8E3A8+1827752]
	Ordinal0 [0x00D8E495+1827989]
	Ordinal0 [0x00D980A4+1867940]
	BaseThreadInitThunk [0x76CE6A14+36]
	RtlInitializeExceptionChain [0x772BA9FF+143]
	RtlInitializeExceptionChain [0x772BA9CA+90]

	at sun.reflect.NativeConstructorAccessorImpl.newInstance0(Native Method)
	at sun.reflect.NativeConstructorAccessorImpl.newInstance(Unknown Source)
	at sun.reflect.DelegatingConstructorAccessorImpl.newInstance(Unknown Source)
	at java.lang.reflect.Constructor.newInstance(Unknown Source)
	at org.openqa.selenium.remote.W3CHandshakeResponse.lambda$errorHandler$0(W3CHandshakeResponse.java:62)
	at org.openqa.selenium.remote.HandshakeResponse.lambda$getResponseFunction$0(HandshakeResponse.java:30)
	at org.openqa.selenium.remote.ProtocolHandshake.lambda$createSession$0(ProtocolHandshake.java:126)
	at java.util.stream.ReferencePipeline$3$1.accept(Unknown Source)
	at java.util.Spliterators$ArraySpliterator.tryAdvance(Unknown Source)
	at java.util.stream.ReferencePipeline.forEachWithCancel(Unknown Source)
	at java.util.stream.AbstractPipeline.copyIntoWithCancel(Unknown Source)
	at java.util.stream.AbstractPipeline.copyInto(Unknown Source)
	at java.util.stream.AbstractPipeline.wrapAndCopyInto(Unknown Source)
	at java.util.stream.FindOps$FindOp.evaluateSequential(Unknown Source)
	at java.util.stream.AbstractPipeline.evaluate(Unknown Source)
	at java.util.stream.ReferencePipeline.findFirst(Unknown Source)
	at org.openqa.selenium.remote.ProtocolHandshake.createSession(ProtocolHandshake.java:128)
	at org.openqa.selenium.remote.ProtocolHandshake.createSession(ProtocolHandshake.java:74)
	at org.openqa.selenium.remote.HttpCommandExecutor.execute(HttpCommandExecutor.java:136)
	at org.openqa.selenium.remote.service.DriverCommandExecutor.execute(DriverCommandExecutor.java:83)
	at org.openqa.selenium.remote.RemoteWebDriver.execute(RemoteWebDriver.java:552)
	at org.openqa.selenium.remote.RemoteWebDriver.startSession(RemoteWebDriver.java:213)
	at org.openqa.selenium.remote.RemoteWebDriver.<init>(RemoteWebDriver.java:131)
	at org.openqa.selenium.chrome.ChromeDriver.<init>(ChromeDriver.java:181)
	at org.openqa.selenium.chrome.ChromeDriver.<init>(ChromeDriver.java:168)
	at org.openqa.selenium.chrome.ChromeDriver.<init>(ChromeDriver.java:123)
	at core.Page.openBrowser(Page.java:64)
	at sun.reflect.NativeMethodAccessorImpl.invoke0(Native Method)
	at sun.reflect.NativeMethodAccessorImpl.invoke(Unknown Source)
	at sun.reflect.DelegatingMethodAccessorImpl.invoke(Unknown Source)
	at java.lang.reflect.Method.invoke(Unknown Source)
	at org.testng.internal.MethodInvocationHelper.invokeMethod(MethodInvocationHelper.java:108)
	at org.testng.internal.Invoker.invokeConfigurationMethod(Invoker.java:523)
	at org.testng.internal.Invoker.invokeConfigurations(Invoker.java:224)
	at org.testng.internal.Invoker.invokeMethod(Invoker.java:599)
	at org.testng.internal.Invoker.invokeTestMethod(Invoker.java:869)
	at org.testng.internal.Invoker.invokeTestMethods(Invoker.java:1193)
	at org.testng.internal.TestMethodWorker.invokeTestMethods(TestMethodWorker.java:126)
	at org.testng.internal.TestMethodWorker.run(TestMethodWorker.java:109)
	at org.testng.TestRunner.privateRun(TestRunner.java:744)
	at org.testng.TestRunner.run(TestRunner.java:602)
	at org.testng.SuiteRunner.runTest(SuiteRunner.java:380)
	at org.testng.SuiteRunner.runSequentially(SuiteRunner.java:375)
	at org.testng.SuiteRunner.privateRun(SuiteRunner.java:340)
	at org.testng.SuiteRunner.run(SuiteRunner.java:289)
	at org.testng.SuiteRunnerWorker.runSuite(SuiteRunnerWorker.java:52)
	at org.testng.SuiteRunnerWorker.run(SuiteRunnerWorker.java:86)
	at org.testng.TestNG.runSuitesSequentially(TestNG.java:1301)
	at org.testng.TestNG.runSuitesLocally(TestNG.java:1226)
	at org.testng.TestNG.runSuites(TestNG.java:1144)
	at org.testng.TestNG.run(TestNG.java:1115)
	at org.testng.remote.AbstractRemoteTestNG.run(AbstractRemoteTestNG.java:132)
	at org.testng.remote.RemoteTestNG.initAndRun(RemoteTestNG.java:230)
	at org.testng.remote.RemoteTestNG.main(RemoteTestNG.java:76)
]]>
            </full-stacktrace>
          </exception> <!-- org.openqa.selenium.SessionNotCreatedException -->
          <reporter-output>
          </reporter-output>
        </test-method> <!-- seekerlogin -->
        <test-method status="SKIP" signature="openBrowser(java.lang.String, java.lang.String, java.lang.String)[pri:0, instance:testcases.SeekerLoginTest@3fee9989]" name="openBrowser" is-config="true" duration-ms="0" started-at="2022-11-07T10:07:16Z" finished-at="2022-11-07T10:07:16Z">
          <reporter-output>
          </reporter-output>
        </test-method> <!-- openBrowser -->
        <test-method status="SKIP" signature="seekerlogin(java.lang.String, java.lang.String)[pri:0, instance:testcases.SeekerLoginTest@3fee9989]" name="seekerlogin" duration-ms="0" started-at="2022-11-07T10:07:16Z" data-provider="seekerdata" finished-at="2022-11-07T10:07:16Z">
          <exception class="org.openqa.selenium.SessionNotCreatedException">
            <message>
              <![CDATA[session not created: This version of ChromeDriver only supports Chrome version 105
Current browser version is 107.0.5304.88 with binary path C:\Program Files (x86)\Google\Chrome\Application\chrome.exe
Build info: version: '3.141.59', revision: 'e82be7d358', time: '2018-11-14T08:17:03'
System info: host: 'PIYUSH', ip: '192.168.1.11', os.name: 'Windows 8.1', os.arch: 'amd64', os.version: '6.3', java.version: '1.8.0_251'
Driver info: driver.version: ChromeDriver
remote stacktrace: Backtrace:
	Ordinal0 [0x00DEDF13+2219795]
	Ordinal0 [0x00D82841+1779777]
	Ordinal0 [0x00C9423D+803389]
	Ordinal0 [0x00CB64AC+943276]
	Ordinal0 [0x00CB19F0+924144]
	Ordinal0 [0x00CAF179+913785]
	Ordinal0 [0x00CE36B9+1128121]
	Ordinal0 [0x00CE331A+1127194]
	Ordinal0 [0x00CDE616+1107478]
	Ordinal0 [0x00CB7F89+950153]
	Ordinal0 [0x00CB8F56+954198]
	GetHandleVerifier [0x010E2CB2+3040210]
	GetHandleVerifier [0x010D2BB4+2974420]
	GetHandleVerifier [0x00E86A0A+565546]
	GetHandleVerifier [0x00E85680+560544]
	Ordinal0 [0x00D89A5C+1808988]
	Ordinal0 [0x00D8E3A8+1827752]
	Ordinal0 [0x00D8E495+1827989]
	Ordinal0 [0x00D980A4+1867940]
	BaseThreadInitThunk [0x76CE6A14+36]
	RtlInitializeExceptionChain [0x772BA9FF+143]
	RtlInitializeExceptionChain [0x772BA9CA+90]
]]>
            </message>
            <full-stacktrace>
              <![CDATA[org.openqa.selenium.SessionNotCreatedException: session not created: This version of ChromeDriver only supports Chrome version 105
Current browser version is 107.0.5304.88 with binary path C:\Program Files (x86)\Google\Chrome\Application\chrome.exe
Build info: version: '3.141.59', revision: 'e82be7d358', time: '2018-11-14T08:17:03'
System info: host: 'PIYUSH', ip: '192.168.1.11', os.name: 'Windows 8.1', os.arch: 'amd64', os.version: '6.3', java.version: '1.8.0_251'
Driver info: driver.version: ChromeDriver
remote stacktrace: Backtrace:
	Ordinal0 [0x00DEDF13+2219795]
	Ordinal0 [0x00D82841+1779777]
	Ordinal0 [0x00C9423D+803389]
	Ordinal0 [0x00CB64AC+943276]
	Ordinal0 [0x00CB19F0+924144]
	Ordinal0 [0x00CAF179+913785]
	Ordinal0 [0x00CE36B9+1128121]
	Ordinal0 [0x00CE331A+1127194]
	Ordinal0 [0x00CDE616+1107478]
	Ordinal0 [0x00CB7F89+950153]
	Ordinal0 [0x00CB8F56+954198]
	GetHandleVerifier [0x010E2CB2+3040210]
	GetHandleVerifier [0x010D2BB4+2974420]
	GetHandleVerifier [0x00E86A0A+565546]
	GetHandleVerifier [0x00E85680+560544]
	Ordinal0 [0x00D89A5C+1808988]
	Ordinal0 [0x00D8E3A8+1827752]
	Ordinal0 [0x00D8E495+1827989]
	Ordinal0 [0x00D980A4+1867940]
	BaseThreadInitThunk [0x76CE6A14+36]
	RtlInitializeExceptionChain [0x772BA9FF+143]
	RtlInitializeExceptionChain [0x772BA9CA+90]

	at sun.reflect.NativeConstructorAccessorImpl.newInstance0(Native Method)
	at sun.reflect.NativeConstructorAccessorImpl.newInstance(Unknown Source)
	at sun.reflect.DelegatingConstructorAccessorImpl.newInstance(Unknown Source)
	at java.lang.reflect.Constructor.newInstance(Unknown Source)
	at org.openqa.selenium.remote.W3CHandshakeResponse.lambda$errorHandler$0(W3CHandshakeResponse.java:62)
	at org.openqa.selenium.remote.HandshakeResponse.lambda$getResponseFunction$0(HandshakeResponse.java:30)
	at org.openqa.selenium.remote.ProtocolHandshake.lambda$createSession$0(ProtocolHandshake.java:126)
	at java.util.stream.ReferencePipeline$3$1.accept(Unknown Source)
	at java.util.Spliterators$ArraySpliterator.tryAdvance(Unknown Source)
	at java.util.stream.ReferencePipeline.forEachWithCancel(Unknown Source)
	at java.util.stream.AbstractPipeline.copyIntoWithCancel(Unknown Source)
	at java.util.stream.AbstractPipeline.copyInto(Unknown Source)
	at java.util.stream.AbstractPipeline.wrapAndCopyInto(Unknown Source)
	at java.util.stream.FindOps$FindOp.evaluateSequential(Unknown Source)
	at java.util.stream.AbstractPipeline.evaluate(Unknown Source)
	at java.util.stream.ReferencePipeline.findFirst(Unknown Source)
	at org.openqa.selenium.remote.ProtocolHandshake.createSession(ProtocolHandshake.java:128)
	at org.openqa.selenium.remote.ProtocolHandshake.createSession(ProtocolHandshake.java:74)
	at org.openqa.selenium.remote.HttpCommandExecutor.execute(HttpCommandExecutor.java:136)
	at org.openqa.selenium.remote.service.DriverCommandExecutor.execute(DriverCommandExecutor.java:83)
	at org.openqa.selenium.remote.RemoteWebDriver.execute(RemoteWebDriver.java:552)
	at org.openqa.selenium.remote.RemoteWebDriver.startSession(RemoteWebDriver.java:213)
	at org.openqa.selenium.remote.RemoteWebDriver.<init>(RemoteWebDriver.java:131)
	at org.openqa.selenium.chrome.ChromeDriver.<init>(ChromeDriver.java:181)
	at org.openqa.selenium.chrome.ChromeDriver.<init>(ChromeDriver.java:168)
	at org.openqa.selenium.chrome.ChromeDriver.<init>(ChromeDriver.java:123)
	at core.Page.openBrowser(Page.java:64)
	at sun.reflect.NativeMethodAccessorImpl.invoke0(Native Method)
	at sun.reflect.NativeMethodAccessorImpl.invoke(Unknown Source)
	at sun.reflect.DelegatingMethodAccessorImpl.invoke(Unknown Source)
	at java.lang.reflect.Method.invoke(Unknown Source)
	at org.testng.internal.MethodInvocationHelper.invokeMethod(MethodInvocationHelper.java:108)
	at org.testng.internal.Invoker.invokeConfigurationMethod(Invoker.java:523)
	at org.testng.internal.Invoker.invokeConfigurations(Invoker.java:224)
	at org.testng.internal.Invoker.invokeMethod(Invoker.java:599)
	at org.testng.internal.Invoker.invokeTestMethod(Invoker.java:869)
	at org.testng.internal.Invoker.invokeTestMethods(Invoker.java:1193)
	at org.testng.internal.TestMethodWorker.invokeTestMethods(TestMethodWorker.java:126)
	at org.testng.internal.TestMethodWorker.run(TestMethodWorker.java:109)
	at org.testng.TestRunner.privateRun(TestRunner.java:744)
	at org.testng.TestRunner.run(TestRunner.java:602)
	at org.testng.SuiteRunner.runTest(SuiteRunner.java:380)
	at org.testng.SuiteRunner.runSequentially(SuiteRunner.java:375)
	at org.testng.SuiteRunner.privateRun(SuiteRunner.java:340)
	at org.testng.SuiteRunner.run(SuiteRunner.java:289)
	at org.testng.SuiteRunnerWorker.runSuite(SuiteRunnerWorker.java:52)
	at org.testng.SuiteRunnerWorker.run(SuiteRunnerWorker.java:86)
	at org.testng.TestNG.runSuitesSequentially(TestNG.java:1301)
	at org.testng.TestNG.runSuitesLocally(TestNG.java:1226)
	at org.testng.TestNG.runSuites(TestNG.java:1144)
	at org.testng.TestNG.run(TestNG.java:1115)
	at org.testng.remote.AbstractRemoteTestNG.run(AbstractRemoteTestNG.java:132)
	at org.testng.remote.RemoteTestNG.initAndRun(RemoteTestNG.java:230)
	at org.testng.remote.RemoteTestNG.main(RemoteTestNG.java:76)
]]>
            </full-stacktrace>
          </exception> <!-- org.openqa.selenium.SessionNotCreatedException -->
          <reporter-output>
          </reporter-output>
        </test-method> <!-- seekerlogin -->
        <test-method status="SKIP" signature="openBrowser(java.lang.String, java.lang.String, java.lang.String)[pri:0, instance:testcases.SeekerLoginTest@3fee9989]" name="openBrowser" is-config="true" duration-ms="0" started-at="2022-11-07T10:07:16Z" finished-at="2022-11-07T10:07:16Z">
          <reporter-output>
          </reporter-output>
        </test-method> <!-- openBrowser -->
        <test-method status="SKIP" signature="seekerlogin(java.lang.String, java.lang.String)[pri:0, instance:testcases.SeekerLoginTest@3fee9989]" name="seekerlogin" duration-ms="0" started-at="2022-11-07T10:07:16Z" data-provider="seekerdata" finished-at="2022-11-07T10:07:16Z">
          <exception class="org.openqa.selenium.SessionNotCreatedException">
            <message>
              <![CDATA[session not created: This version of ChromeDriver only supports Chrome version 105
Current browser version is 107.0.5304.88 with binary path C:\Program Files (x86)\Google\Chrome\Application\chrome.exe
Build info: version: '3.141.59', revision: 'e82be7d358', time: '2018-11-14T08:17:03'
System info: host: 'PIYUSH', ip: '192.168.1.11', os.name: 'Windows 8.1', os.arch: 'amd64', os.version: '6.3', java.version: '1.8.0_251'
Driver info: driver.version: ChromeDriver
remote stacktrace: Backtrace:
	Ordinal0 [0x00DEDF13+2219795]
	Ordinal0 [0x00D82841+1779777]
	Ordinal0 [0x00C9423D+803389]
	Ordinal0 [0x00CB64AC+943276]
	Ordinal0 [0x00CB19F0+924144]
	Ordinal0 [0x00CAF179+913785]
	Ordinal0 [0x00CE36B9+1128121]
	Ordinal0 [0x00CE331A+1127194]
	Ordinal0 [0x00CDE616+1107478]
	Ordinal0 [0x00CB7F89+950153]
	Ordinal0 [0x00CB8F56+954198]
	GetHandleVerifier [0x010E2CB2+3040210]
	GetHandleVerifier [0x010D2BB4+2974420]
	GetHandleVerifier [0x00E86A0A+565546]
	GetHandleVerifier [0x00E85680+560544]
	Ordinal0 [0x00D89A5C+1808988]
	Ordinal0 [0x00D8E3A8+1827752]
	Ordinal0 [0x00D8E495+1827989]
	Ordinal0 [0x00D980A4+1867940]
	BaseThreadInitThunk [0x76CE6A14+36]
	RtlInitializeExceptionChain [0x772BA9FF+143]
	RtlInitializeExceptionChain [0x772BA9CA+90]
]]>
            </message>
            <full-stacktrace>
              <![CDATA[org.openqa.selenium.SessionNotCreatedException: session not created: This version of ChromeDriver only supports Chrome version 105
Current browser version is 107.0.5304.88 with binary path C:\Program Files (x86)\Google\Chrome\Application\chrome.exe
Build info: version: '3.141.59', revision: 'e82be7d358', time: '2018-11-14T08:17:03'
System info: host: 'PIYUSH', ip: '192.168.1.11', os.name: 'Windows 8.1', os.arch: 'amd64', os.version: '6.3', java.version: '1.8.0_251'
Driver info: driver.version: ChromeDriver
remote stacktrace: Backtrace:
	Ordinal0 [0x00DEDF13+2219795]
	Ordinal0 [0x00D82841+1779777]
	Ordinal0 [0x00C9423D+803389]
	Ordinal0 [0x00CB64AC+943276]
	Ordinal0 [0x00CB19F0+924144]
	Ordinal0 [0x00CAF179+913785]
	Ordinal0 [0x00CE36B9+1128121]
	Ordinal0 [0x00CE331A+1127194]
	Ordinal0 [0x00CDE616+1107478]
	Ordinal0 [0x00CB7F89+950153]
	Ordinal0 [0x00CB8F56+954198]
	GetHandleVerifier [0x010E2CB2+3040210]
	GetHandleVerifier [0x010D2BB4+2974420]
	GetHandleVerifier [0x00E86A0A+565546]
	GetHandleVerifier [0x00E85680+560544]
	Ordinal0 [0x00D89A5C+1808988]
	Ordinal0 [0x00D8E3A8+1827752]
	Ordinal0 [0x00D8E495+1827989]
	Ordinal0 [0x00D980A4+1867940]
	BaseThreadInitThunk [0x76CE6A14+36]
	RtlInitializeExceptionChain [0x772BA9FF+143]
	RtlInitializeExceptionChain [0x772BA9CA+90]

	at sun.reflect.NativeConstructorAccessorImpl.newInstance0(Native Method)
	at sun.reflect.NativeConstructorAccessorImpl.newInstance(Unknown Source)
	at sun.reflect.DelegatingConstructorAccessorImpl.newInstance(Unknown Source)
	at java.lang.reflect.Constructor.newInstance(Unknown Source)
	at org.openqa.selenium.remote.W3CHandshakeResponse.lambda$errorHandler$0(W3CHandshakeResponse.java:62)
	at org.openqa.selenium.remote.HandshakeResponse.lambda$getResponseFunction$0(HandshakeResponse.java:30)
	at org.openqa.selenium.remote.ProtocolHandshake.lambda$createSession$0(ProtocolHandshake.java:126)
	at java.util.stream.ReferencePipeline$3$1.accept(Unknown Source)
	at java.util.Spliterators$ArraySpliterator.tryAdvance(Unknown Source)
	at java.util.stream.ReferencePipeline.forEachWithCancel(Unknown Source)
	at java.util.stream.AbstractPipeline.copyIntoWithCancel(Unknown Source)
	at java.util.stream.AbstractPipeline.copyInto(Unknown Source)
	at java.util.stream.AbstractPipeline.wrapAndCopyInto(Unknown Source)
	at java.util.stream.FindOps$FindOp.evaluateSequential(Unknown Source)
	at java.util.stream.AbstractPipeline.evaluate(Unknown Source)
	at java.util.stream.ReferencePipeline.findFirst(Unknown Source)
	at org.openqa.selenium.remote.ProtocolHandshake.createSession(ProtocolHandshake.java:128)
	at org.openqa.selenium.remote.ProtocolHandshake.createSession(ProtocolHandshake.java:74)
	at org.openqa.selenium.remote.HttpCommandExecutor.execute(HttpCommandExecutor.java:136)
	at org.openqa.selenium.remote.service.DriverCommandExecutor.execute(DriverCommandExecutor.java:83)
	at org.openqa.selenium.remote.RemoteWebDriver.execute(RemoteWebDriver.java:552)
	at org.openqa.selenium.remote.RemoteWebDriver.startSession(RemoteWebDriver.java:213)
	at org.openqa.selenium.remote.RemoteWebDriver.<init>(RemoteWebDriver.java:131)
	at org.openqa.selenium.chrome.ChromeDriver.<init>(ChromeDriver.java:181)
	at org.openqa.selenium.chrome.ChromeDriver.<init>(ChromeDriver.java:168)
	at org.openqa.selenium.chrome.ChromeDriver.<init>(ChromeDriver.java:123)
	at core.Page.openBrowser(Page.java:64)
	at sun.reflect.NativeMethodAccessorImpl.invoke0(Native Method)
	at sun.reflect.NativeMethodAccessorImpl.invoke(Unknown Source)
	at sun.reflect.DelegatingMethodAccessorImpl.invoke(Unknown Source)
	at java.lang.reflect.Method.invoke(Unknown Source)
	at org.testng.internal.MethodInvocationHelper.invokeMethod(MethodInvocationHelper.java:108)
	at org.testng.internal.Invoker.invokeConfigurationMethod(Invoker.java:523)
	at org.testng.internal.Invoker.invokeConfigurations(Invoker.java:224)
	at org.testng.internal.Invoker.invokeMethod(Invoker.java:599)
	at org.testng.internal.Invoker.invokeTestMethod(Invoker.java:869)
	at org.testng.internal.Invoker.invokeTestMethods(Invoker.java:1193)
	at org.testng.internal.TestMethodWorker.invokeTestMethods(TestMethodWorker.java:126)
	at org.testng.internal.TestMethodWorker.run(TestMethodWorker.java:109)
	at org.testng.TestRunner.privateRun(TestRunner.java:744)
	at org.testng.TestRunner.run(TestRunner.java:602)
	at org.testng.SuiteRunner.runTest(SuiteRunner.java:380)
	at org.testng.SuiteRunner.runSequentially(SuiteRunner.java:375)
	at org.testng.SuiteRunner.privateRun(SuiteRunner.java:340)
	at org.testng.SuiteRunner.run(SuiteRunner.java:289)
	at org.testng.SuiteRunnerWorker.runSuite(SuiteRunnerWorker.java:52)
	at org.testng.SuiteRunnerWorker.run(SuiteRunnerWorker.java:86)
	at org.testng.TestNG.runSuitesSequentially(TestNG.java:1301)
	at org.testng.TestNG.runSuitesLocally(TestNG.java:1226)
	at org.testng.TestNG.runSuites(TestNG.java:1144)
	at org.testng.TestNG.run(TestNG.java:1115)
	at org.testng.remote.AbstractRemoteTestNG.run(AbstractRemoteTestNG.java:132)
	at org.testng.remote.RemoteTestNG.initAndRun(RemoteTestNG.java:230)
	at org.testng.remote.RemoteTestNG.main(RemoteTestNG.java:76)
]]>
            </full-stacktrace>
          </exception> <!-- org.openqa.selenium.SessionNotCreatedException -->
          <reporter-output>
          </reporter-output>
        </test-method> <!-- seekerlogin -->
        <test-method status="SKIP" signature="endReport(java.lang.String)[pri:0, instance:testcases.SeekerLoginTest@3fee9989]" name="endReport" is-config="true" duration-ms="0" started-at="2022-11-07T10:07:16Z" finished-at="2022-11-07T10:07:16Z">
          <reporter-output>
          </reporter-output>
        </test-method> <!-- endReport -->
      </class> <!-- testcases.SeekerLoginTest -->
    </test> <!-- SeekerTest -->
  </suite> <!-- Suite -->
</testng-results>
